train epoch : 1
train_loss: 0.240663709418737
train_dice: 0.18067198883225757
train_iou: 0.13725297116054871
val_loss: 0.13140086046591096
val_dice: 0.1727303051162863
val_iou: 0.13055604697224132
2024-06-15 22:18:20

train epoch : 2
train_loss: 0.0878205535559499
train_dice: 0.2807521703365552
train_iou: 0.22639594889820583
val_loss: 0.06690097350047483
val_dice: 0.3553059616016832
val_iou: 0.29528170636442563
2024-06-15 22:29:15

train epoch : 3
train_loss: 0.04822524721527078
train_dice: 0.37342994967948934
train_iou: 0.3158028391139547
val_loss: 0.05513898775513683
val_dice: 0.3458791823904903
val_iou: 0.2896346986701933
2024-06-15 22:40:06

train epoch : 4
train_loss: 0.0335216460261952
train_dice: 0.42882992757918403
train_iou: 0.3721629445745052
val_loss: 0.0378250457834671
val_dice: 0.3981236075565272
val_iou: 0.3416497579269626
2024-06-15 22:50:54

train epoch : 5
train_loss: 0.024454008995018105
train_dice: 0.46674293276890066
train_iou: 0.41551743189524903
val_loss: 0.03899589793225608
val_dice: 0.39707475238114687
val_iou: 0.346064674623356
2024-06-15 23:01:42

train epoch : 6
train_loss: 0.019756061327264762
train_dice: 0.48533108808010966
train_iou: 0.4399020612022164
val_loss: 0.03345110299994062
val_dice: 0.40209378089104797
val_iou: 0.3473675698576476
2024-06-15 23:12:30

train epoch : 7
train_loss: 0.016636289018825214
train_dice: 0.5016549570990346
train_iou: 0.4594974984856117
val_loss: 0.02553370352870843
val_dice: 0.4347611190323547
val_iou: 0.38813738871308767
2024-06-15 23:23:18

train epoch : 8
train_loss: 0.014908907562199555
train_dice: 0.5086172010958411
train_iou: 0.46971935826601297
val_loss: 0.024938726881633295
val_dice: 0.4392393249875809
val_iou: 0.39102114876554045
2024-06-15 23:34:05

train epoch : 9
train_loss: 0.012448469000581356
train_dice: 0.5181775897519013
train_iou: 0.48219406670111
val_loss: 0.03141519311125472
val_dice: 0.44244294328976197
val_iou: 0.392931636014231
2024-06-15 23:44:53

train epoch : 10
train_loss: 0.012160489948836508
train_dice: 0.5216951523696967
train_iou: 0.4862714783771883
val_loss: 0.025453975802761583
val_dice: 0.4413048755218648
val_iou: 0.3930634025157128
2024-06-15 23:55:48

train epoch : 1
train_loss: 0.16684606059321336
train_dice: 0.2337157439312495
train_iou: 0.17723860532156557
val_loss: 0.10626941333448857
val_dice: 0.20787230306257476
val_iou: 0.14770000629668714
2024-06-16 00:08:02

train epoch : 2
train_loss: 0.06426912632553584
train_dice: 0.3045365614477879
train_iou: 0.2492718070218494
val_loss: 0.056637439369556626
val_dice: 0.3192867409177742
val_iou: 0.25918675118440176
2024-06-16 00:18:51

train epoch : 3
train_loss: 0.03956623093955973
train_dice: 0.38599295559253755
train_iou: 0.32827168241175647
val_loss: 0.04504494337075181
val_dice: 0.39643123028776134
val_iou: 0.3395996845343058
2024-06-16 00:29:41

train epoch : 4
train_loss: 0.028676508642290172
train_dice: 0.4385924683172242
train_iou: 0.384805404012947
val_loss: 0.033484358743797724
val_dice: 0.39971779880817143
val_iou: 0.344423430385567
2024-06-16 00:40:31

train epoch : 5
train_loss: 0.02303808303303582
train_dice: 0.4680596788866011
train_iou: 0.4186506057407574
val_loss: 0.02944829873191264
val_dice: 0.41306905180562703
val_iou: 0.3606571466879526
2024-06-16 00:51:19

train epoch : 6
train_loss: 0.01926629906185527
train_dice: 0.48833697045577273
train_iou: 0.44298479496606646
val_loss: 0.02898903575178523
val_dice: 0.44156812661213385
val_iou: 0.38958705588224896
2024-06-16 01:02:09

train epoch : 7
train_loss: 0.015388557340208336
train_dice: 0.5050924969390775
train_iou: 0.46502431056518645
val_loss: 0.03291515204501611
val_dice: 0.4200275532416619
val_iou: 0.364760556032558
2024-06-16 01:12:59

train epoch : 8
train_loss: 0.014457444734098794
train_dice: 0.5091746306715442
train_iou: 0.470848541588701
val_loss: 0.025591434258228907
val_dice: 0.44309859707706833
val_iou: 0.3954466585053858
2024-06-16 01:23:49

train epoch : 9
train_loss: 0.012222688644782346
train_dice: 0.5229759171039243
train_iou: 0.48827145693745383
val_loss: 0.028806343619765227
val_dice: 0.43217594439237456
val_iou: 0.385188096188952
2024-06-16 01:34:41

train epoch : 10
train_loss: 0.010446757316395891
train_dice: 0.5302815260483494
train_iou: 0.4984604634654457
val_loss: 0.02616327676607435
val_dice: 0.4362407442068263
val_iou: 0.3864358313125083
2024-06-16 01:45:31

train epoch : 11
train_loss: 0.012045029090227933
train_dice: 0.5222048704103174
train_iou: 0.48887923349345114
val_loss: 0.026855385029026662
val_dice: 0.4435178808481415
val_iou: 0.39534779392447583
2024-06-16 01:56:20

train epoch : 12
train_loss: 0.009286935042643217
train_dice: 0.5341971634287609
train_iou: 0.504710614392416
val_loss: 0.024742717471841685
val_dice: 0.4495037144468147
val_iou: 0.40556207469341404
2024-06-16 02:07:11

train epoch : 13
train_loss: 0.009878745431232532
train_dice: 0.53018065434409
train_iou: 0.4997873924688182
val_loss: 0.0244443693878097
val_dice: 0.45014691264463624
val_iou: 0.4067795323374282
2024-06-16 02:18:01

train epoch : 14
train_loss: 0.008833780857872349
train_dice: 0.5385431745182218
train_iou: 0.5104588671599196
val_loss: 0.024219775908918287
val_dice: 0.4402287575494669
val_iou: 0.3958808539140665
2024-06-16 02:28:52

train epoch : 15
train_loss: 0.008195050410494994
train_dice: 0.5399937884605054
train_iou: 0.5133561909756207
val_loss: 0.02875171810143577
val_dice: 0.45366512692345745
val_iou: 0.40919799426343645
2024-06-16 02:39:42

train epoch : 16
train_loss: 0.00875535041365155
train_dice: 0.5371308355081901
train_iou: 0.5094950322506386
val_loss: 0.030849727138995232
val_dice: 0.42659030193748065
val_iou: 0.3751165637228524
2024-06-16 02:50:32

train epoch : 17
train_loss: 0.00830053750367988
train_dice: 0.5411202098776807
train_iou: 0.5141518118018268
val_loss: 0.022234907986669394
val_dice: 0.45351222516940337
val_iou: 0.4103413244503864
2024-06-16 03:01:21

train epoch : 18
train_loss: 0.007058626496756855
train_dice: 0.5455696366013282
train_iou: 0.5215618734805428
val_loss: 0.024470224279405543
val_dice: 0.4474248845386794
val_iou: 0.4046306264947872
2024-06-16 03:12:11

train epoch : 19
train_loss: 0.007550451490703692
train_dice: 0.5433254241909676
train_iou: 0.5179337943730636
val_loss: 0.02233245714773593
val_dice: 0.4605660837105646
val_iou: 0.41786825287212825
2024-06-16 03:23:00

train epoch : 20
train_loss: 0.008092191622194838
train_dice: 0.5411808382093259
train_iou: 0.5143776494288854
val_loss: 0.02396223007401102
val_dice: 0.4598700844052269
val_iou: 0.4172680480501464
2024-06-16 03:33:50

train epoch : 21
train_loss: 0.006642526225934051
train_dice: 0.5480922558909084
train_iou: 0.5246286970069783
val_loss: 0.023615361904045565
val_dice: 0.4661864164494434
val_iou: 0.42496661607138053
2024-06-16 03:44:40

train epoch : 22
train_loss: 0.007188406911544527
train_dice: 0.545562014253187
train_iou: 0.5221451990858771
val_loss: 0.030509390097208502
val_dice: 0.43119313011399696
val_iou: 0.38134930947913115
2024-06-16 03:55:29

train epoch : 23
train_loss: 0.007067676791151165
train_dice: 0.5457163014319502
train_iou: 0.521013414385353
val_loss: 0.02770501771184817
val_dice: 0.44689421956332365
val_iou: 0.4012868181441207
2024-06-16 04:06:18

train epoch : 24
train_loss: 0.0064239574623416885
train_dice: 0.548836651077969
train_iou: 0.5262802463381889
val_loss: 0.02641653843545932
val_dice: 0.4606920223307739
val_iou: 0.41949133117260334
2024-06-16 04:17:06

train epoch : 25
train_loss: 0.007718989734115923
train_dice: 0.5435974052071464
train_iou: 0.518507933267687
val_loss: 0.0240645840529852
val_dice: 0.4600527748359814
val_iou: 0.41782588235367496
2024-06-16 04:27:55

train epoch : 26
train_loss: 0.005998555094027959
train_dice: 0.5517493778499514
train_iou: 0.5303312026732222
val_loss: 0.025141521625340835
val_dice: 0.45496100073024554
val_iou: 0.4128471597047922
2024-06-16 04:38:45

train epoch : 27
train_loss: 0.006526415239894832
train_dice: 0.5476685720504301
train_iou: 0.5244967559517562
val_loss: 0.02093085551220555
val_dice: 0.45591211559403005
val_iou: 0.4140921498361348
2024-06-16 04:49:34

train epoch : 28
train_loss: 0.006254262390195607
train_dice: 0.5508601336081463
train_iou: 0.5285914512132218
val_loss: 0.024144027845074575
val_dice: 0.46361622143042636
val_iou: 0.421945215725549
2024-06-16 05:00:23

train epoch : 29
train_loss: 0.005864485867313195
train_dice: 0.5512141498112226
train_iou: 0.5297936185871067
val_loss: 0.027196831020311393
val_dice: 0.4664141708490206
val_iou: 0.42558959139079183
2024-06-16 05:11:11

train epoch : 30
train_loss: 0.00585607358816741
train_dice: 0.5519657258422638
train_iou: 0.5304354102389507
val_loss: 0.02833195957769671
val_dice: 0.43985286023947695
val_iou: 0.3955755667399843
2024-06-16 05:22:01

train epoch : 31
train_loss: 0.0061292198628103145
train_dice: 0.5486380051868626
train_iou: 0.5265867729767295
val_loss: 0.044590819953328246
val_dice: 0.4350924417471551
val_iou: 0.38604328142745153
2024-06-16 05:32:52

train epoch : 32
train_loss: 0.005713820931077862
train_dice: 0.5529370780017018
train_iou: 0.5319184669130103
val_loss: 0.026960962053256106
val_dice: 0.46696746294215624
val_iou: 0.42570398802089754
2024-06-16 05:43:42

train epoch : 33
train_loss: 0.005423399569994543
train_dice: 0.5529267306744405
train_iou: 0.5328571657729326
val_loss: 0.023645566656181165
val_dice: 0.4718991275496629
val_iou: 0.4314129730610519
2024-06-16 05:54:33

train epoch : 34
train_loss: 0.007040606574263296
train_dice: 0.5500811785526883
train_iou: 0.5279962415916417
val_loss: 0.02449632249480269
val_dice: 0.4639364519430923
val_iou: 0.42469487202707773
2024-06-16 06:05:23

train epoch : 35
train_loss: 0.005149689244544903
train_dice: 0.5551456468580644
train_iou: 0.535743716726952
val_loss: 0.028662475452744546
val_dice: 0.4654520810296645
val_iou: 0.42470403958815245
2024-06-16 06:16:11

train epoch : 36
train_loss: 0.0051890894716265555
train_dice: 0.5549990268959706
train_iou: 0.5356824976437562
val_loss: 0.024446264312636422
val_dice: 0.4668786023952523
val_iou: 0.42582806991413236
2024-06-16 06:27:00

train epoch : 37
train_loss: 0.006414471254159501
train_dice: 0.549353492976744
train_iou: 0.5272701454313495
val_loss: 0.022300035161067648
val_dice: 0.46822739087025295
val_iou: 0.42884706737061845
2024-06-16 06:37:49

train epoch : 38
train_loss: 0.004861863258087031
train_dice: 0.5570843058080829
train_iou: 0.5384874070369745
val_loss: 0.024486182490384017
val_dice: 0.46912766478917733
val_iou: 0.4301066770104273
2024-06-16 06:48:39

train epoch : 39
train_loss: 0.005020932232450314
train_dice: 0.5554135348546785
train_iou: 0.5365589151923523
val_loss: 0.02931729312635426
val_dice: 0.46511806778720227
val_iou: 0.42469985104104796
2024-06-16 06:59:28

train epoch : 40
train_loss: 0.004948520706510559
train_dice: 0.5563866639304333
train_iou: 0.5376010411781061
val_loss: 0.026257272148879247
val_dice: 0.4661518850635377
val_iou: 0.42498663852930635
2024-06-16 07:10:16

train epoch : 41
train_loss: 0.006583406502403488
train_dice: 0.5493950141579288
train_iou: 0.5271556499604874
val_loss: 0.02436157220232418
val_dice: 0.465509132246905
val_iou: 0.4258124100683466
2024-06-16 07:21:05

train epoch : 42
train_loss: 0.0047059195771576995
train_dice: 0.5576231782787747
train_iou: 0.5393137089220998
val_loss: 0.02554012096189385
val_dice: 0.4601632707018158
val_iou: 0.4210562229926261
2024-06-16 07:31:53

train epoch : 43
train_loss: 0.004574436229240195
train_dice: 0.5580571566120626
train_iou: 0.5403645996873353
val_loss: 0.028374976039241846
val_dice: 0.46622306221563903
val_iou: 0.42555845252414026
2024-06-16 07:42:42

train epoch : 44
train_loss: 0.0048264729484673915
train_dice: 0.5569464044029038
train_iou: 0.5386924862619119
val_loss: 0.026813290588071328
val_dice: 0.452731066107826
val_iou: 0.41191703578390715
2024-06-16 07:53:31

train epoch : 45
train_loss: 0.00501885088546129
train_dice: 0.5559861245573537
train_iou: 0.5372339183393913
val_loss: 0.028666597435591388
val_dice: 0.46635014329067603
val_iou: 0.4265255549903579
2024-06-16 08:04:22

train epoch : 46
train_loss: 0.005098813457543076
train_dice: 0.5553048266936599
train_iou: 0.5360897003149253
val_loss: 0.024443161975308436
val_dice: 0.4689127773578678
val_iou: 0.42980030609998016
2024-06-16 08:15:10

train epoch : 47
train_loss: 0.004372632813809336
train_dice: 0.5592060998001323
train_iou: 0.542201176474366
val_loss: 0.029066194227528902
val_dice: 0.45890984288416803
val_iou: 0.4202832696360669
2024-06-16 08:25:59

train epoch : 48
train_loss: 0.005128918160954826
train_dice: 0.5552758188618458
train_iou: 0.5367746911606134
val_loss: 0.024235091264078006
val_dice: 0.44483636838427926
val_iou: 0.4012828833314861
2024-06-16 08:36:47

