train epoch : 1
train_loss: 0.13736190404709273
train_dice: 0.015163747781662424
train_iou: 0.009993703887959476
val_loss: 0.0956098519797836
val_dice: 0.13068486323003042
val_iou: 0.08861417467458486
2024-06-14 22:42:02

train epoch : 2
train_loss: 0.07995124224061399
train_dice: 0.17082982521484322
train_iou: 0.12416481846697536
val_loss: 0.07937560821123117
val_dice: 0.1176739776550286
val_iou: 0.07822268766686388
2024-06-14 22:45:08

train epoch : 3
train_loss: 0.061769983650372104
train_dice: 0.24709374746572982
train_iou: 0.18723871010860574
val_loss: 0.05931431599206657
val_dice: 0.22132729446338442
val_iou: 0.16461711019908354
2024-06-14 22:48:07

train epoch : 4
train_loss: 0.049965485714032414
train_dice: 0.31828846938438227
train_iou: 0.2505947813719248
val_loss: 0.051277223172477605
val_dice: 0.2715159544907748
val_iou: 0.20915252327399592
2024-06-14 22:51:04

train epoch : 5
train_loss: 0.042152669176562046
train_dice: 0.36635414811703176
train_iou: 0.2984096647907715
val_loss: 0.0437243694502137
val_dice: 0.32540437401859185
val_iou: 0.26082591300269553
2024-06-14 22:53:57

train epoch : 6
train_loss: 0.035209109387878385
train_dice: 0.4042131714724934
train_iou: 0.33782302292575805
val_loss: 0.03843265615336238
val_dice: 0.35427066269529656
val_iou: 0.2912281791219468
2024-06-14 22:56:51

train epoch : 7
train_loss: 0.02994541681307843
train_dice: 0.43447398328328435
train_iou: 0.3719664398668364
val_loss: 0.038150215855981814
val_dice: 0.3494841415822335
val_iou: 0.28843277317949345
2024-06-14 22:59:44

train epoch : 8
train_loss: 0.024076652299350878
train_dice: 0.4605683981159712
train_iou: 0.40231782119135095
val_loss: 0.04595510825639134
val_dice: 0.3389539876453845
val_iou: 0.27929961446991036
2024-06-14 23:02:37

train epoch : 9
train_loss: 0.02059982806080186
train_dice: 0.47931455312865984
train_iou: 0.42572683279501916
val_loss: 0.038284341885025
val_dice: 0.3808132860933107
val_iou: 0.3211587610730559
2024-06-14 23:05:30

train epoch : 10
train_loss: 0.01743384663779356
train_dice: 0.49538099821016973
train_iou: 0.4474155631347494
val_loss: 0.03901470870726241
val_dice: 0.38000947223235
val_iou: 0.3216632420163868
2024-06-14 23:08:24

train epoch : 11
train_loss: 0.015228269245659547
train_dice: 0.5070894551859195
train_iou: 0.46311622858047485
val_loss: 0.043332247309318374
val_dice: 0.39186413049500685
val_iou: 0.335583560459039
2024-06-14 23:11:26

train epoch : 12
train_loss: 0.013119993981344178
train_dice: 0.5181698279478882
train_iou: 0.47792697722802974
val_loss: 0.04227959692147871
val_dice: 0.3813990112168391
val_iou: 0.3230737203518903
2024-06-14 23:14:22

train epoch : 13
train_loss: 0.01069926687065018
train_dice: 0.5298907917134369
train_iou: 0.4951439964943725
val_loss: 0.04337970570221371
val_dice: 0.3896002788999479
val_iou: 0.33208571437375656
2024-06-14 23:17:15

train epoch : 14
train_loss: 0.013496872016433095
train_dice: 0.5182778346225969
train_iou: 0.479279881494817
val_loss: 0.04624988869822046
val_dice: 0.38342760371433915
val_iou: 0.32532110481109583
2024-06-14 23:20:11

train epoch : 15
train_loss: 0.009076196346117612
train_dice: 0.5383995499791978
train_iou: 0.5080443352029724
val_loss: 0.044022041997310635
val_dice: 0.3933556985813288
val_iou: 0.337225629016757
2024-06-14 23:23:05

train epoch : 16
train_loss: 0.00783450107670436
train_dice: 0.5444225754326119
train_iou: 0.5174765728050287
val_loss: 0.05489110775508428
val_dice: 0.3895661701633576
val_iou: 0.33339572449841975
2024-06-14 23:26:01

train epoch : 17
train_loss: 0.0075246804261627186
train_dice: 0.5454685207570871
train_iou: 0.5189004133288727
val_loss: 0.05751163464313409
val_dice: 0.3935365697525784
val_iou: 0.33790131200910356
2024-06-14 23:28:54

train epoch : 18
train_loss: 0.009062074313044767
train_dice: 0.5397807487689134
train_iou: 0.5114817802354721
val_loss: 0.04424163171607428
val_dice: 0.3802617104600507
val_iou: 0.32080555023929597
2024-06-14 23:31:48

train epoch : 19
train_loss: 0.008984536500397808
train_dice: 0.5376598661728406
train_iou: 0.507817535649372
val_loss: 0.05720688400161293
val_dice: 0.3955077428613642
val_iou: 0.3401308629303346
2024-06-14 23:34:41

train epoch : 20
train_loss: 0.006177564774448149
train_dice: 0.5522336269750733
train_iou: 0.530334171345609
val_loss: 0.05751137576879384
val_dice: 0.39844584766043617
val_iou: 0.34360809361310296
2024-06-14 23:37:34

train epoch : 21
train_loss: 0.005747985948976782
train_dice: 0.5544174685535336
train_iou: 0.5337264764158032
val_loss: 0.06222881163882995
val_dice: 0.39458766136061857
val_iou: 0.3393904679497628
2024-06-14 23:40:32

train epoch : 22
train_loss: 0.005754114954136148
train_dice: 0.5541502107440024
train_iou: 0.5332411926435088
val_loss: 0.06596130566944149
val_dice: 0.39658371798637115
val_iou: 0.34119038850458683
2024-06-14 23:43:27

train epoch : 23
train_loss: 0.005904436252483343
train_dice: 0.5534591234236902
train_iou: 0.5319276490058433
val_loss: 0.0583910419182193
val_dice: 0.3959099848241526
val_iou: 0.34078341492508746
2024-06-14 23:46:20

train epoch : 24
train_loss: 0.008077208468788063
train_dice: 0.5406710490682053
train_iou: 0.5130806416601522
val_loss: 0.06215436088702245
val_dice: 0.3992131719916907
val_iou: 0.3441317965542631
2024-06-14 23:49:14

train epoch : 25
train_loss: 0.005116377830497957
train_dice: 0.5568390322636955
train_iou: 0.537928346753336
val_loss: 0.06976112440455645
val_dice: 0.3983909766835978
val_iou: 0.3433833362496629
2024-06-14 23:52:13

train epoch : 26
train_loss: 0.004753165127897072
train_dice: 0.5588650176904516
train_iou: 0.5413408262712399
val_loss: 0.07319866559506301
val_dice: 0.39811362327570665
val_iou: 0.3432554071947305
2024-06-14 23:55:19

train epoch : 27
train_loss: 0.004809585458378912
train_dice: 0.5584917299678486
train_iou: 0.5405993030741676
val_loss: 0.06835161168185716
val_dice: 0.3956829956233768
val_iou: 0.3398494291314095
2024-06-14 23:58:17

train epoch : 28
train_loss: 0.004899098777262831
train_dice: 0.5578382193072148
train_iou: 0.5392319832744908
val_loss: 0.07442538048674716
val_dice: 0.393990540482598
val_iou: 0.3369378314724154
2024-06-15 00:01:11

train epoch : 29
train_loss: 0.004874490820606409
train_dice: 0.5575717278565895
train_iou: 0.5392274049802888
val_loss: 0.07213857340040464
val_dice: 0.39773196748895
val_iou: 0.3422293244131689
2024-06-15 00:04:04

train epoch : 30
train_loss: 0.004796294241173566
train_dice: 0.557964039161451
train_iou: 0.5403993986614358
val_loss: 0.05569476542186006
val_dice: 0.3823870138184415
val_iou: 0.32010049963303444
2024-06-15 00:06:58

train epoch : 31
train_loss: 0.011338197895260579
train_dice: 0.5285351245207661
train_iou: 0.4981815553123761
val_loss: 0.0690377173337432
val_dice: 0.3947028441524504
val_iou: 0.33912194106084587
2024-06-15 00:09:52

train epoch : 32
train_loss: 0.00413041801561414
train_dice: 0.561032821510196
train_iou: 0.5454974052433942
val_loss: 0.07714217115860464
val_dice: 0.40115084315291416
val_iou: 0.3456830342183821
2024-06-15 00:12:45

train epoch : 33
train_loss: 0.0037084906068069047
train_dice: 0.5635038931427985
train_iou: 0.549473538887005
val_loss: 0.08067540174446258
val_dice: 0.39664979709065235
val_iou: 0.34094377918696334
2024-06-15 00:15:38

train epoch : 34
train_loss: 0.003665383545636696
train_dice: 0.5631553153987388
train_iou: 0.5492097115107083
val_loss: 0.08575144482805765
val_dice: 0.3964113951084556
val_iou: 0.3414278289781912
2024-06-15 00:18:32

train epoch : 35
train_loss: 0.0037201743699766593
train_dice: 0.5633507975617973
train_iou: 0.5492295280341429
val_loss: 0.07990852343042386
val_dice: 0.3987885682207499
val_iou: 0.3435630637171443
2024-06-15 00:21:25

train epoch : 36
train_loss: 0.003792179525943346
train_dice: 0.5629667190541842
train_iou: 0.5484822134051142
val_loss: 0.082227929196261
val_dice: 0.39629246918938943
val_iou: 0.3409698754629953
2024-06-15 00:24:19

train epoch : 37
train_loss: 0.003792976588098416
train_dice: 0.5626124406863293
train_iou: 0.548107535401477
val_loss: 0.07959617269965243
val_dice: 0.3983862171234974
val_iou: 0.34282099664021504
2024-06-15 00:27:12

train epoch : 38
train_loss: 0.0038206792168951325
train_dice: 0.5628059368183126
train_iou: 0.5481091692747302
val_loss: 0.07911538078197841
val_dice: 0.39970608476112235
val_iou: 0.34454950991761396
2024-06-15 00:30:06

train epoch : 39
train_loss: 0.0037748357898707
train_dice: 0.5629374176856622
train_iou: 0.5484405006088356
val_loss: 0.07884147769217457
val_dice: 0.39722531710392606
val_iou: 0.34163606248567907
2024-06-15 00:33:11

train epoch : 40
train_loss: 0.003668085489232073
train_dice: 0.563235848145071
train_iou: 0.5491697983058409
val_loss: 0.0783804564803263
val_dice: 0.3978230745516176
val_iou: 0.3430854976489042
2024-06-15 00:36:05

train epoch : 41
train_loss: 0.00366779245775121
train_dice: 0.5635008497490374
train_iou: 0.5492139250363407
val_loss: 0.08889250122925821
val_dice: 0.39734973513749333
val_iou: 0.3423667018567877
2024-06-15 00:39:00

train epoch : 42
train_loss: 0.003627528822110379
train_dice: 0.563272181918565
train_iou: 0.5491476780844424
val_loss: 0.083462251211788
val_dice: 0.3963857670766016
val_iou: 0.34181443635464587
2024-06-15 00:41:55

train epoch : 43
train_loss: 0.003478976564581287
train_dice: 0.5640647250478565
train_iou: 0.5507901093466157
val_loss: 0.09021146627962394
val_dice: 0.3982578202674037
val_iou: 0.3432906807549666
2024-06-15 00:44:48

train epoch : 44
train_loss: 0.003473174669144454
train_dice: 0.5643647026951015
train_iou: 0.5510587710314591
val_loss: 0.08888988705374816
val_dice: 0.3960992509323381
val_iou: 0.34060539174836835
2024-06-15 00:47:42

train epoch : 45
train_loss: 0.004170247256402599
train_dice: 0.5625236359901498
train_iou: 0.5480414298085149
val_loss: 0.042531184227380156
val_dice: 0.3730027590862271
val_iou: 0.3117679434875086
2024-06-15 00:50:36

train epoch : 46
train_loss: 0.005115417350011871
train_dice: 0.5555698260476317
train_iou: 0.5371059591311012
val_loss: 0.08268380883523942
val_dice: 0.3974593740915262
val_iou: 0.34309614462776783
2024-06-15 00:53:29

train epoch : 47
train_loss: 0.002849339119257638
train_dice: 0.567317048879256
train_iou: 0.5563073237485523
val_loss: 0.09085358455440738
val_dice: 0.39926977371808847
val_iou: 0.34476075449403687
2024-06-15 00:56:23

train epoch : 48
train_loss: 0.0026460637735754478
train_dice: 0.5679094436532981
train_iou: 0.5577902161325943
val_loss: 0.10351237793695418
val_dice: 0.39866120114266795
val_iou: 0.3438670306421379
2024-06-15 00:59:17

train epoch : 49
train_loss: 0.0027021919234022874
train_dice: 0.5678512566397893
train_iou: 0.5574781714145357
val_loss: 0.10260118530582982
val_dice: 0.39803419877152546
val_iou: 0.3432965822228615
2024-06-15 01:02:10

train epoch : 50
train_loss: 0.002780271903373774
train_dice: 0.5675720555495612
train_iou: 0.5567152870391204
val_loss: 0.09834813022822082
val_dice: 0.39662637903796966
val_iou: 0.3419408540464748
2024-06-15 01:05:03

train epoch : 51
train_loss: 0.002858232312877681
train_dice: 0.566923523682151
train_iou: 0.5557524236912753
val_loss: 0.10167668029071132
val_dice: 0.39826756297956384
val_iou: 0.3437486132834052
2024-06-15 01:07:57

train epoch : 52
train_loss: 0.0028840606307061
train_dice: 0.5669280464675068
train_iou: 0.5556488925250918
val_loss: 0.0877760485541551
val_dice: 0.3984991020572904
val_iou: 0.3436274609165575
2024-06-15 01:10:50

train epoch : 53
train_loss: 0.002880957952926498
train_dice: 0.5668075901622905
train_iou: 0.5556199158967943
val_loss: 0.1023664895433215
val_dice: 0.3953315666460964
val_iou: 0.34079643253092085
2024-06-15 01:13:44

train epoch : 54
train_loss: 0.002828863305247939
train_dice: 0.5669890054742424
train_iou: 0.5558821285988926
val_loss: 0.10167355431708294
val_dice: 0.3965110122998321
val_iou: 0.3418166951676688
2024-06-15 01:16:37

train epoch : 55
train_loss: 0.002841806330226484
train_dice: 0.5672544746728745
train_iou: 0.5562205335115222
val_loss: 0.09327469900044753
val_dice: 0.39951744347772733
val_iou: 0.3448984434124919
2024-06-15 01:19:31

train epoch : 56
train_loss: 0.005052269413852982
train_dice: 0.5569494781345399
train_iou: 0.5400636378022258
val_loss: 0.06994248980064156
val_dice: 0.39406760446626304
val_iou: 0.33841049235640214
2024-06-15 01:22:25

train epoch : 57
train_loss: 0.0029185671516362734
train_dice: 0.5661777647289618
train_iou: 0.5544790167220032
val_loss: 0.09049936244366386
val_dice: 0.39665555974055194
val_iou: 0.3423077612473838
2024-06-15 01:25:18

train epoch : 58
train_loss: 0.0022644533400915452
train_dice: 0.5697884170530502
train_iou: 0.5610362707921868
val_loss: 0.1103587253765386
val_dice: 0.39660953779405517
val_iou: 0.34220212849634535
2024-06-15 01:28:11

train epoch : 59
train_loss: 0.0022196165361803564
train_dice: 0.5702615048850854
train_iou: 0.5617687941998728
val_loss: 0.11008630136839664
val_dice: 0.3974129614795615
val_iou: 0.3432346328544164
2024-06-15 01:31:04

train epoch : 60
train_loss: 0.0023470787942080785
train_dice: 0.569770124112719
train_iou: 0.5608333503089805
val_loss: 0.10829272760287653
val_dice: 0.39630650471639345
val_iou: 0.34196191588274144
2024-06-15 01:33:58

train epoch : 61
train_loss: 0.0024187963639358354
train_dice: 0.5694733562779901
train_iou: 0.5602318750691025
val_loss: 0.08943238147616357
val_dice: 0.3995391236314056
val_iou: 0.34475278005488597
2024-06-15 01:36:51

train epoch : 62
train_loss: 0.0024631164162872755
train_dice: 0.568900191034805
train_iou: 0.5593460501857088
val_loss: 0.10769169548543815
val_dice: 0.39713564582824784
val_iou: 0.3424266820847133
2024-06-15 01:39:45

train epoch : 63
train_loss: 0.0024484606444807305
train_dice: 0.5690458673195641
train_iou: 0.5594617780196947
val_loss: 0.0974197080577587
val_dice: 0.3976229251961091
val_iou: 0.34290076824313753
2024-06-15 01:42:39

train epoch : 64
train_loss: 0.002438973991392101
train_dice: 0.569017640747817
train_iou: 0.5595315403252786
val_loss: 0.10079883259067282
val_dice: 0.3957526578534661
val_iou: 0.3404230675505645
2024-06-15 01:45:32

train epoch : 65
train_loss: 0.005276075589821609
train_dice: 0.5556902100768271
train_iou: 0.5394258136114958
val_loss: 0.07791548712800528
val_dice: 0.39530095209044464
val_iou: 0.3401873683585424
2024-06-15 01:48:26

train epoch : 66
train_loss: 0.0024995898108494357
train_dice: 0.5678668995177336
train_iou: 0.557853831897808
val_loss: 0.09826745338949655
val_dice: 0.3989806258884658
val_iou: 0.3444336454077548
2024-06-15 01:51:20

train epoch : 67
train_loss: 0.0019608861313663616
train_dice: 0.5709603021416483
train_iou: 0.5634393804651057
val_loss: 0.11376377609406318
val_dice: 0.39878198738704074
val_iou: 0.3444104664495728
2024-06-15 01:54:14

train epoch : 68
train_loss: 0.001926529032208966
train_dice: 0.5715378184161177
train_iou: 0.5642314040747085
val_loss: 0.11914053583680394
val_dice: 0.3983485101132977
val_iou: 0.34410322060106485
2024-06-15 01:57:07

train epoch : 69
train_loss: 0.0020146814457589093
train_dice: 0.5707684646463308
train_iou: 0.5630938804440645
val_loss: 0.11307236867077085
val_dice: 0.3983903744600105
val_iou: 0.34376986102707097
2024-06-15 02:00:01

train epoch : 70
train_loss: 0.002077483011955181
train_dice: 0.5705070278420371
train_iou: 0.5625505100053214
val_loss: 0.11153654832223733
val_dice: 0.39919811255792725
val_iou: 0.34418581026530237
2024-06-15 02:02:55

train epoch : 71
train_loss: 0.0021342288921588457
train_dice: 0.5702505041365167
train_iou: 0.5619065048573892
val_loss: 0.1116576105471194
val_dice: 0.3977466638304521
val_iou: 0.3434864327724909
2024-06-15 02:05:49

train epoch : 72
train_loss: 0.0021825023584647087
train_dice: 0.5701236542698273
train_iou: 0.5616669305894948
val_loss: 0.10982567132657108
val_dice: 0.3979184117063652
val_iou: 0.3433326836711043
2024-06-15 02:08:43

train epoch : 73
train_loss: 0.0021697924845569755
train_dice: 0.5703139233977196
train_iou: 0.561860442080722
val_loss: 0.11094293747722861
val_dice: 0.3984973699101532
val_iou: 0.3441958669525552
2024-06-15 02:11:36

train epoch : 74
train_loss: 0.0022309954089250617
train_dice: 0.5697500212606427
train_iou: 0.5611501102206073
val_loss: 0.10771585875831528
val_dice: 0.3996094859063231
val_iou: 0.3448640978125955
2024-06-15 02:14:30

train epoch : 75
train_loss: 0.0021525653927991465
train_dice: 0.5704263129135152
train_iou: 0.5620886083375696
val_loss: 0.1156390923317884
val_dice: 0.39940481177740256
val_iou: 0.34489924040841585
2024-06-15 02:17:23

train epoch : 76
train_loss: 0.0020985457465328224
train_dice: 0.5702831839997773
train_iou: 0.5619997995994837
val_loss: 0.11078607383776515
val_dice: 0.3986078494523025
val_iou: 0.34372980159004124
2024-06-15 02:20:16

train epoch : 77
train_loss: 0.002093150004471729
train_dice: 0.5704326362064476
train_iou: 0.5622493239358795
val_loss: 0.11473783898219306
val_dice: 0.39645609320545266
val_iou: 0.34231128276038286
2024-06-15 02:23:10

train epoch : 78
train_loss: 0.0021531118201106943
train_dice: 0.5697473025666869
train_iou: 0.5612028825617181
val_loss: 0.11295121569265547
val_dice: 0.39726328243363684
val_iou: 0.34189309117417516
2024-06-15 02:26:04

train epoch : 79
train_loss: 0.0021095488949266993
train_dice: 0.5702936699711608
train_iou: 0.5621121212920919
val_loss: 0.11028301792101176
val_dice: 0.3992711529824693
val_iou: 0.3445272748263515
2024-06-15 02:28:57

train epoch : 80
train_loss: 0.0020232881218536897
train_dice: 0.570819097875902
train_iou: 0.562985270676518
val_loss: 0.11891720456090646
val_dice: 0.39760759845376015
val_iou: 0.3428918835623855
2024-06-15 02:31:52

train epoch : 81
train_loss: 0.0019633011296891997
train_dice: 0.5712249121926792
train_iou: 0.5636117420080127
val_loss: 0.11725093473032645
val_dice: 0.3977194384871317
val_iou: 0.34305296148819736
2024-06-15 02:34:46

train epoch : 82
train_loss: 0.001924062198277756
train_dice: 0.5710901552255503
train_iou: 0.5635170854129584
val_loss: 0.1188009679888096
val_dice: 0.3987416597178244
val_iou: 0.34402230664213396
2024-06-15 02:37:39

train epoch : 83
train_loss: 0.0020310043288292346
train_dice: 0.5704364276492789
train_iou: 0.5622562627303018
val_loss: 0.12542783004405939
val_dice: 0.39547706007386074
val_iou: 0.3408624424424785
2024-06-15 02:40:33

train epoch : 84
train_loss: 0.0019080860699652665
train_dice: 0.5711067434784302
train_iou: 0.5635721007156544
val_loss: 0.1179354237512136
val_dice: 0.39937990824501884
val_iou: 0.34447868383366004
2024-06-15 02:43:27

train epoch : 85
train_loss: 0.0019299388167682771
train_dice: 0.5711109047287412
train_iou: 0.563570969035785
val_loss: 0.12164397488371252
val_dice: 0.39849070425036043
val_iou: 0.3440050732089582
2024-06-15 02:46:20

train epoch : 86
train_loss: 0.001919693097263028
train_dice: 0.5713164682414174
train_iou: 0.5639456833087946
val_loss: 0.12509855509646806
val_dice: 0.39794935016151595
val_iou: 0.34303885592000405
2024-06-15 02:49:13

train epoch : 87
train_loss: 0.0018108794240580962
train_dice: 0.571429432677964
train_iou: 0.564345699591835
val_loss: 0.12015278952414588
val_dice: 0.39961126006721537
val_iou: 0.3445170624763705
2024-06-15 02:52:07

train epoch : 88
train_loss: 0.0018008649705072621
train_dice: 0.5718015348286137
train_iou: 0.5648743604557424
val_loss: 0.1277549484259929
val_dice: 0.39904344247235934
val_iou: 0.34435427271551927
2024-06-15 02:55:00

train epoch : 89
train_loss: 0.0018053680910650942
train_dice: 0.571904746468632
train_iou: 0.564930696383954
val_loss: 0.127093126975756
val_dice: 0.39814060781512184
val_iou: 0.34353534974709
2024-06-15 02:57:53

train epoch : 90
train_loss: 0.0017600002406610862
train_dice: 0.5716910299189915
train_iou: 0.5648192922040739
val_loss: 0.12456419776350439
val_dice: 0.3959463501410863
val_iou: 0.341351592738647
2024-06-15 03:00:47

train epoch : 91
train_loss: 0.0017352290233514022
train_dice: 0.5719656577269812
train_iou: 0.5653287302466887
val_loss: 0.13096633771909347
val_dice: 0.4000850369600218
val_iou: 0.3453123550538368
2024-06-15 03:03:41

train epoch : 92
train_loss: 0.001768620951363194
train_dice: 0.5717999552246891
train_iou: 0.5650353191073506
val_loss: 0.126936702982049
val_dice: 0.39815863783528305
val_iou: 0.34355023071378926
2024-06-15 03:06:36

train epoch : 93
train_loss: 0.0017261489189408956
train_dice: 0.5719959043626544
train_iou: 0.5654033366422325
val_loss: 0.13236354877930265
val_dice: 0.3986631744512718
val_iou: 0.34402846512194646
2024-06-15 03:09:29

train epoch : 94
train_loss: 0.0016763933422792423
train_dice: 0.57220475302898
train_iou: 0.5658068867639434
val_loss: 0.13405322222124552
val_dice: 0.3980063844605216
val_iou: 0.34338902353608447
2024-06-15 03:12:23

train epoch : 95
train_loss: 0.0016947269041762984
train_dice: 0.572378543412707
train_iou: 0.5658562592421044
val_loss: 0.1424710696444983
val_dice: 0.39758976485713254
val_iou: 0.3428066589000008
2024-06-15 03:15:16

train epoch : 96
train_loss: 0.0016270432396142931
train_dice: 0.5727663206957132
train_iou: 0.566591624621888
val_loss: 0.13623688809696555
val_dice: 0.3973717469180345
val_iou: 0.34287306295983416
2024-06-15 03:18:10

train epoch : 97
train_loss: 0.0017767827479820563
train_dice: 0.5715784944634326
train_iou: 0.5648831636198606
val_loss: 0.05757221618943026
val_dice: 0.37996285213561426
val_iou: 0.32071797466689567
2024-06-15 03:21:04

train epoch : 98
train_loss: 0.0032546967950567787
train_dice: 0.5647703295213189
train_iou: 0.5527391460661862
val_loss: 0.11546827481242414
val_dice: 0.39905471070812143
val_iou: 0.34463415303913764
2024-06-15 03:23:57

train epoch : 99
train_loss: 0.0013794369098127043
train_dice: 0.5735308893873722
train_iou: 0.5682464281592188
val_loss: 0.13607845635796134
val_dice: 0.3999898743136235
val_iou: 0.3458449379624134
2024-06-15 03:26:51

train epoch : 100
train_loss: 0.001209496581914588
train_dice: 0.5744206399318322
train_iou: 0.5699705043656055
val_loss: 0.15806564321357228
val_dice: 0.3990978936911846
val_iou: 0.3448925262093734
2024-06-15 03:29:45

