------------第 1 轮训练------------
整体测试集上的Loss: -2.3968345201859367
整体测试集上的Dice系数: 0.44386941840887534
模型权重已保存到: ./pth/Unet_epoch_0.pth
2024-06-14 16:03:50

------------第 2 轮训练------------
整体测试集上的Loss: -5.26764399826061
整体测试集上的Dice系数: 0.49493862318650844
模型权重已保存到: ./pth/Unet_epoch_1.pth
2024-06-14 16:11:02

------------第 3 轮训练------------
整体测试集上的Loss: -9.797937791488057
整体测试集上的Dice系数: 0.522843293254779
模型权重已保存到: ./pth/Unet_epoch_2.pth
2024-06-14 16:18:12

------------第 4 轮训练------------
整体测试集上的Loss: -13.10052677648313
整体测试集上的Dice系数: 0.5416890620353897
模型权重已保存到: ./pth/Unet_epoch_3.pth
2024-06-14 16:25:49

------------第 5 轮训练------------
整体测试集上的Loss: -20.693310927903774
整体测试集上的Dice系数: 0.5713312970997356
模型权重已保存到: ./pth/Unet_epoch_4.pth
2024-06-14 16:34:16


=========================================================------------第 1 轮训练------------
整体测试集上的Loss: -2.1394556660385686
整体测试集上的Dice系数: 0.4473845141327432
模型权重已保存到: ./pth/Unet_epoch_0.pth
2024-06-14 16:49:07

------------第 1 轮训练------------
整体测试集上的Loss: 0.6871999711254422
整体测试集上的Dice系数: 0.5180436137075327
模型权重已保存到: ./pth/Unet_epoch_0.pth
2024-06-14 16:56:30

------------第 2 轮训练------------
整体测试集上的Loss: 0.6827954640802072
整体测试集上的Dice系数: 0.534015666237291
模型权重已保存到: ./pth/Unet_epoch_1.pth
2024-06-14 17:03:37

------------第 1 轮训练------------
整体测试集上的Loss: 0.12589183845082108
整体测试集上的Dice系数: 0.008397298877106897
模型权重已保存到: ./pth/Unet_epoch_0.pth
2024-06-14 17:37:57

