------------第 1 轮训练------------
整体测试集上的Loss: 0.6748045939332441
整体测试集上的Dice系数: 0.5340240805144519
模型权重已保存到: ./pth/Unet_epoch_0.pth
2024-06-13 21:20:07

------------第 2 轮训练------------
整体测试集上的Loss: 0.6734014545526377
整体测试集上的Dice系数: 0.5336401544611039
模型权重已保存到: ./pth/Unet_epoch_1.pth
2024-06-13 21:29:28

------------第 3 轮训练------------
整体测试集上的Loss: 0.674216476270847
整体测试集上的Dice系数: 0.5391392561947183
模型权重已保存到: ./pth/Unet_epoch_2.pth
2024-06-13 21:38:48

------------第 4 轮训练------------
整体测试集上的Loss: 0.6732723638842713
整体测试集上的Dice系数: 0.5327195406643884
模型权重已保存到: ./pth/Unet_epoch_3.pth
2024-06-13 21:48:09

------------第 5 轮训练------------
整体测试集上的Loss: 0.6736951187737358
整体测试集上的Dice系数: 0.5314289410073261
模型权重已保存到: ./pth/Unet_epoch_4.pth
2024-06-13 21:57:29

------------第 6 轮训练------------
整体测试集上的Loss: 0.6748015691399802
整体测试集上的Dice系数: 0.5326572540955151
模型权重已保存到: ./pth/Unet_epoch_5.pth
2024-06-13 22:06:49

------------第 7 轮训练------------
整体测试集上的Loss: 0.673766598646773
整体测试集上的Dice系数: 0.5333514051729134
模型权重已保存到: ./pth/Unet_epoch_6.pth
2024-06-13 22:16:10

------------第 8 轮训练------------
整体测试集上的Loss: 0.6743975535861393
整体测试集上的Dice系数: 0.5330834564241806
模型权重已保存到: ./pth/Unet_epoch_7.pth
2024-06-13 22:25:30

------------第 9 轮训练------------
整体测试集上的Loss: 0.6797794257477638
整体测试集上的Dice系数: 0.5334246534690347
模型权重已保存到: ./pth/Unet_epoch_8.pth
2024-06-13 22:34:51

------------第 10 轮训练------------
整体测试集上的Loss: 0.6739923998457068
整体测试集上的Dice系数: 0.5327242689196512
模型权重已保存到: ./pth/Unet_epoch_9.pth
2024-06-13 22:44:11

------------第 11 轮训练------------
整体测试集上的Loss: 0.6740625948568603
整体测试集上的Dice系数: 0.5324783916683088
模型权重已保存到: ./pth/Unet_epoch_10.pth
2024-06-13 22:53:31

------------第 12 轮训练------------
整体测试集上的Loss: 0.6734814592574796
整体测试集上的Dice系数: 0.5322489145836912
模型权重已保存到: ./pth/Unet_epoch_11.pth
2024-06-13 23:02:51

------------第 13 轮训练------------
整体测试集上的Loss: 0.6738988832351582
整体测试集上的Dice系数: 0.5318839769974265
模型权重已保存到: ./pth/Unet_epoch_12.pth
2024-06-13 23:12:11

------------第 14 轮训练------------
整体测试集上的Loss: 0.6735247656218636
整体测试集上的Dice系数: 0.5324387149190811
模型权重已保存到: ./pth/Unet_epoch_13.pth
2024-06-13 23:21:32

------------第 15 轮训练------------
整体测试集上的Loss: 0.6746445293636213
整体测试集上的Dice系数: 0.5316385675228804
模型权重已保存到: ./pth/Unet_epoch_14.pth
2024-06-13 23:30:52

------------第 16 轮训练------------
整体测试集上的Loss: 0.6737883855690235
整体测试集上的Dice系数: 0.5320170125131626
模型权重已保存到: ./pth/Unet_epoch_15.pth
2024-06-13 23:40:12

------------第 17 轮训练------------
整体测试集上的Loss: 0.6738898936466778
整体测试集上的Dice系数: 0.5319950229009296
模型权重已保存到: ./pth/Unet_epoch_16.pth
2024-06-13 23:49:32

------------第 18 轮训练------------
整体测试集上的Loss: 0.6734357736078777
整体测试集上的Dice系数: 0.5313585675811221
模型权重已保存到: ./pth/Unet_epoch_17.pth
2024-06-13 23:58:52

------------第 19 轮训练------------
整体测试集上的Loss: 0.6731541678736817
整体测试集上的Dice系数: 0.5329996705283171
模型权重已保存到: ./pth/Unet_epoch_18.pth
2024-06-14 00:08:11

------------第 20 轮训练------------
整体测试集上的Loss: 0.6736964364580625
整体测试集上的Dice系数: 0.5313662849580353
模型权重已保存到: ./pth/Unet_epoch_19.pth
2024-06-14 00:17:31

------------第 21 轮训练------------
整体测试集上的Loss: 0.6735704768000323
整体测试集上的Dice系数: 0.5325658403436723
模型权重已保存到: ./pth/Unet_epoch_20.pth
2024-06-14 00:26:51

------------第 22 轮训练------------
整体测试集上的Loss: 0.6732772963680683
整体测试集上的Dice系数: 0.530997032132249
模型权重已保存到: ./pth/Unet_epoch_21.pth
2024-06-14 00:36:11

------------第 23 轮训练------------
整体测试集上的Loss: 0.673563341793549
整体测试集上的Dice系数: 0.5324801101739275
模型权重已保存到: ./pth/Unet_epoch_22.pth
2024-06-14 00:45:32

------------第 24 轮训练------------
整体测试集上的Loss: 0.6732525404962937
整体测试集上的Dice系数: 0.5323840157479675
模型权重已保存到: ./pth/Unet_epoch_23.pth
2024-06-14 00:54:52

------------第 25 轮训练------------
整体测试集上的Loss: 0.673770688118032
整体测试集上的Dice系数: 0.531949213141465
模型权重已保存到: ./pth/Unet_epoch_24.pth
2024-06-14 01:04:12

------------第 26 轮训练------------
整体测试集上的Loss: 0.6734390772779403
整体测试集上的Dice系数: 0.5319872027829318
模型权重已保存到: ./pth/Unet_epoch_25.pth
2024-06-14 01:13:32

------------第 27 轮训练------------
整体测试集上的Loss: 0.6729393801999137
整体测试集上的Dice系数: 0.53133547209189
模型权重已保存到: ./pth/Unet_epoch_26.pth
2024-06-14 01:22:52

------------第 28 轮训练------------
整体测试集上的Loss: 0.6732536574850575
整体测试集上的Dice系数: 0.5324718707150301
模型权重已保存到: ./pth/Unet_epoch_27.pth
2024-06-14 01:32:12

------------第 29 轮训练------------
整体测试集上的Loss: 0.673337189462855
整体测试集上的Dice系数: 0.5323727453415982
模型权重已保存到: ./pth/Unet_epoch_28.pth
2024-06-14 01:41:32

------------第 30 轮训练------------
整体测试集上的Loss: 0.6738318881842648
整体测试集上的Dice系数: 0.5325930916328503
模型权重已保存到: ./pth/Unet_epoch_29.pth
2024-06-14 01:50:52

------------第 31 轮训练------------
整体测试集上的Loss: 0.6732619274870615
整体测试集上的Dice系数: 0.532442183841027
模型权重已保存到: ./pth/Unet_epoch_30.pth
2024-06-14 02:00:13

------------第 32 轮训练------------
整体测试集上的Loss: 0.6730999538593037
整体测试集上的Dice系数: 0.5321998916438159
模型权重已保存到: ./pth/Unet_epoch_31.pth
2024-06-14 02:09:33

------------第 33 轮训练------------
整体测试集上的Loss: 0.6736950565478542
整体测试集上的Dice系数: 0.5323020917849605
模型权重已保存到: ./pth/Unet_epoch_32.pth
2024-06-14 02:18:53

------------第 34 轮训练------------
整体测试集上的Loss: 0.6739577559850412
整体测试集上的Dice系数: 0.5331971798070758
模型权重已保存到: ./pth/Unet_epoch_33.pth
2024-06-14 02:28:13

------------第 35 轮训练------------
整体测试集上的Loss: 0.6736759658525369
整体测试集上的Dice系数: 0.5321908211958796
模型权重已保存到: ./pth/Unet_epoch_34.pth
2024-06-14 02:37:33

------------第 36 轮训练------------
整体测试集上的Loss: 0.6737419227797032
整体测试集上的Dice系数: 0.5318649163893486
模型权重已保存到: ./pth/Unet_epoch_35.pth
2024-06-14 02:46:53

------------第 37 轮训练------------
整体测试集上的Loss: 0.673844198651797
整体测试集上的Dice系数: 0.5326074659254537
模型权重已保存到: ./pth/Unet_epoch_36.pth
2024-06-14 02:56:13

------------第 38 轮训练------------
整体测试集上的Loss: 0.6735147263990078
整体测试集上的Dice系数: 0.5323275533962432
模型权重已保存到: ./pth/Unet_epoch_37.pth
2024-06-14 03:05:33

------------第 39 轮训练------------
整体测试集上的Loss: 0.6739471807762496
整体测试集上的Dice系数: 0.5328233434638832
模型权重已保存到: ./pth/Unet_epoch_38.pth
2024-06-14 03:14:54

------------第 40 轮训练------------
整体测试集上的Loss: 0.674905668595097
整体测试集上的Dice系数: 0.5332883075591939
模型权重已保存到: ./pth/Unet_epoch_39.pth
2024-06-14 03:24:14

------------第 41 轮训练------------
整体测试集上的Loss: 0.6751889119184724
整体测试集上的Dice系数: 0.5333870241336567
模型权重已保存到: ./pth/Unet_epoch_40.pth
2024-06-14 03:33:34

------------第 42 轮训练------------
整体测试集上的Loss: 0.6746260137448575
整体测试集上的Dice系数: 0.5330231743606509
模型权重已保存到: ./pth/Unet_epoch_41.pth
2024-06-14 03:42:54

------------第 43 轮训练------------
整体测试集上的Loss: 0.6734755281964406
整体测试集上的Dice系数: 0.5320842691748822
模型权重已保存到: ./pth/Unet_epoch_42.pth
2024-06-14 03:52:14

------------第 44 轮训练------------
整体测试集上的Loss: 0.6751494037261656
整体测试集上的Dice系数: 0.5301356689423949
模型权重已保存到: ./pth/Unet_epoch_43.pth
2024-06-14 04:01:34

------------第 45 轮训练------------
整体测试集上的Loss: 0.6737137907549711
整体测试集上的Dice系数: 0.5321146534118324
模型权重已保存到: ./pth/Unet_epoch_44.pth
2024-06-14 04:10:55

------------第 46 轮训练------------
整体测试集上的Loss: 0.67389501064275
整体测试集上的Dice系数: 0.5321647300319051
模型权重已保存到: ./pth/Unet_epoch_45.pth
2024-06-14 04:20:15

------------第 47 轮训练------------
整体测试集上的Loss: 0.6738424832232823
整体测试集上的Dice系数: 0.531913606090254
模型权重已保存到: ./pth/Unet_epoch_46.pth
2024-06-14 04:29:35

------------第 48 轮训练------------
整体测试集上的Loss: 0.6735699368252581
整体测试集上的Dice系数: 0.5322276478059889
模型权重已保存到: ./pth/Unet_epoch_47.pth
2024-06-14 04:38:55

------------第 49 轮训练------------
整体测试集上的Loss: 0.6736576136621872
整体测试集上的Dice系数: 0.5318741703808422
模型权重已保存到: ./pth/Unet_epoch_48.pth
2024-06-14 04:48:15

------------第 50 轮训练------------
整体测试集上的Loss: 0.6732385655434137
整体测试集上的Dice系数: 0.531675989267703
模型权重已保存到: ./pth/Unet_epoch_49.pth
2024-06-14 04:57:36

------------第 51 轮训练------------
整体测试集上的Loss: 0.6741266420420907
整体测试集上的Dice系数: 0.5321299385842129
模型权重已保存到: ./pth/Unet_epoch_50.pth
2024-06-14 05:06:56

------------第 52 轮训练------------
整体测试集上的Loss: 0.6737935743641899
整体测试集上的Dice系数: 0.5320006537163918
模型权重已保存到: ./pth/Unet_epoch_51.pth
2024-06-14 05:16:16

------------第 53 轮训练------------
整体测试集上的Loss: 0.6748133114829346
整体测试集上的Dice系数: 0.5326467099996643
模型权重已保存到: ./pth/Unet_epoch_52.pth
2024-06-14 05:25:36

------------第 54 轮训练------------
整体测试集上的Loss: 0.6738646644707164
整体测试集上的Dice系数: 0.5317219039906051
模型权重已保存到: ./pth/Unet_epoch_53.pth
2024-06-14 05:34:57

------------第 55 轮训练------------
整体测试集上的Loss: 0.6735092669326534
整体测试集上的Dice系数: 0.5323460010907846
模型权重已保存到: ./pth/Unet_epoch_54.pth
2024-06-14 05:44:17

------------第 56 轮训练------------
整体测试集上的Loss: 0.673499639357937
整体测试集上的Dice系数: 0.5323416496098156
模型权重已保存到: ./pth/Unet_epoch_55.pth
2024-06-14 05:53:37

------------第 57 轮训练------------
整体测试集上的Loss: 0.6797937692693269
整体测试集上的Dice系数: 0.531629554742153
模型权重已保存到: ./pth/Unet_epoch_56.pth
2024-06-14 06:02:57

------------第 58 轮训练------------
整体测试集上的Loss: 0.6740220387396804
整体测试集上的Dice系数: 0.5319690602345403
模型权重已保存到: ./pth/Unet_epoch_57.pth
2024-06-14 06:12:18

------------第 59 轮训练------------
整体测试集上的Loss: 0.6740362173512606
整体测试集上的Dice系数: 0.5322883916630572
模型权重已保存到: ./pth/Unet_epoch_58.pth
2024-06-14 06:21:38

------------第 60 轮训练------------
整体测试集上的Loss: 0.674301932008499
整体测试集上的Dice系数: 0.5322878065574238
模型权重已保存到: ./pth/Unet_epoch_59.pth
2024-06-14 06:30:58

------------第 61 轮训练------------
整体测试集上的Loss: 0.6735971255466542
整体测试集上的Dice系数: 0.5315022509025115
模型权重已保存到: ./pth/Unet_epoch_60.pth
2024-06-14 06:40:18

------------第 62 轮训练------------
整体测试集上的Loss: 0.6743879850462335
整体测试集上的Dice系数: 0.5323652124769601
模型权重已保存到: ./pth/Unet_epoch_61.pth
2024-06-14 06:49:38

------------第 63 轮训练------------
整体测试集上的Loss: 0.6740300229129098
整体测试集上的Dice系数: 0.5325086227338583
模型权重已保存到: ./pth/Unet_epoch_62.pth
2024-06-14 06:58:59

------------第 64 轮训练------------
整体测试集上的Loss: 0.6739676367940228
整体测试集上的Dice系数: 0.5322874036847292
模型权重已保存到: ./pth/Unet_epoch_63.pth
2024-06-14 07:08:19

------------第 65 轮训练------------
整体测试集上的Loss: 0.6743749875867344
整体测试集上的Dice系数: 0.5322399368477597
模型权重已保存到: ./pth/Unet_epoch_64.pth
2024-06-14 07:17:39

------------第 66 轮训练------------
整体测试集上的Loss: 0.6741339367160833
整体测试集上的Dice系数: 0.5317578296360504
模型权重已保存到: ./pth/Unet_epoch_65.pth
2024-06-14 07:27:00

------------第 67 轮训练------------
整体测试集上的Loss: 0.6739373623071163
整体测试集上的Dice系数: 0.5313557829159395
模型权重已保存到: ./pth/Unet_epoch_66.pth
2024-06-14 07:36:20

------------第 68 轮训练------------
整体测试集上的Loss: 0.673833795304964
整体测试集上的Dice系数: 0.5318367462996999
模型权重已保存到: ./pth/Unet_epoch_67.pth
2024-06-14 07:45:40

------------第 69 轮训练------------
整体测试集上的Loss: 0.6740786066246762
整体测试集上的Dice系数: 0.5314220992374602
模型权重已保存到: ./pth/Unet_epoch_68.pth
2024-06-14 07:55:00

------------第 70 轮训练------------
整体测试集上的Loss: 0.6744299597083725
整体测试集上的Dice系数: 0.5316915665370329
模型权重已保存到: ./pth/Unet_epoch_69.pth
2024-06-14 08:04:21

------------第 71 轮训练------------
整体测试集上的Loss: 0.6726923099439414
整体测试集上的Dice系数: 0.5322053576062787
模型权重已保存到: ./pth/Unet_epoch_70.pth
2024-06-14 08:13:41

------------第 72 轮训练------------
整体测试集上的Loss: 0.6745214283352372
整体测试集上的Dice系数: 0.5323914222234066
模型权重已保存到: ./pth/Unet_epoch_71.pth
2024-06-14 08:23:01

------------第 73 轮训练------------
整体测试集上的Loss: 0.6738974969428082
整体测试集上的Dice系数: 0.5322771227382566
模型权重已保存到: ./pth/Unet_epoch_72.pth
2024-06-14 08:32:21

------------第 74 轮训练------------
整体测试集上的Loss: 0.6739528632756628
整体测试集上的Dice系数: 0.532150592220445
模型权重已保存到: ./pth/Unet_epoch_73.pth
2024-06-14 08:41:42

------------第 75 轮训练------------
整体测试集上的Loss: 0.6742337211596122
整体测试集上的Dice系数: 0.5321525287445827
模型权重已保存到: ./pth/Unet_epoch_74.pth
2024-06-14 08:51:02

------------第 76 轮训练------------
整体测试集上的Loss: 0.6746867225001465
整体测试集上的Dice系数: 0.5320225212131814
模型权重已保存到: ./pth/Unet_epoch_75.pth
2024-06-14 09:00:22

------------第 77 轮训练------------
整体测试集上的Loss: 0.6744106716225298
整体测试集上的Dice系数: 0.5320412268716108
模型权重已保存到: ./pth/Unet_epoch_76.pth
2024-06-14 09:09:42

------------第 78 轮训练------------
整体测试集上的Loss: 0.674332003520506
整体测试集上的Dice系数: 0.5320714916143545
模型权重已保存到: ./pth/Unet_epoch_77.pth
2024-06-14 09:19:03

------------第 79 轮训练------------
整体测试集上的Loss: 0.6741937627983823
整体测试集上的Dice系数: 0.5322145645294772
模型权重已保存到: ./pth/Unet_epoch_78.pth
2024-06-14 09:28:25

------------第 80 轮训练------------
整体测试集上的Loss: 0.6741126528433586
整体测试集上的Dice系数: 0.5318898982573194
模型权重已保存到: ./pth/Unet_epoch_79.pth
2024-06-14 09:37:45

------------第 81 轮训练------------
整体测试集上的Loss: 0.674637694659698
整体测试集上的Dice系数: 0.5318970069944516
模型权重已保存到: ./pth/Unet_epoch_80.pth
2024-06-14 09:47:05

------------第 82 轮训练------------
整体测试集上的Loss: 0.6745527881281326
整体测试集上的Dice系数: 0.532378369262068
模型权重已保存到: ./pth/Unet_epoch_81.pth
2024-06-14 09:56:25

------------第 83 轮训练------------
整体测试集上的Loss: 0.6745312375730583
整体测试集上的Dice系数: 0.5321888744717118
模型权重已保存到: ./pth/Unet_epoch_82.pth
2024-06-14 10:05:45

------------第 84 轮训练------------
整体测试集上的Loss: 0.6750432477398539
整体测试集上的Dice系数: 0.5316023999828682
模型权重已保存到: ./pth/Unet_epoch_83.pth
2024-06-14 10:15:05

------------第 85 轮训练------------
整体测试集上的Loss: 0.6748699007936919
整体测试集上的Dice系数: 0.5323241083503454
模型权重已保存到: ./pth/Unet_epoch_84.pth
2024-06-14 10:24:25

------------第 86 轮训练------------
整体测试集上的Loss: 0.6746582371782847
整体测试集上的Dice系数: 0.5318991921371985
模型权重已保存到: ./pth/Unet_epoch_85.pth
2024-06-14 10:33:45

------------第 87 轮训练------------
整体测试集上的Loss: 0.6746778615802014
整体测试集上的Dice系数: 0.5318556184066641
模型权重已保存到: ./pth/Unet_epoch_86.pth
2024-06-14 10:43:05

------------第 88 轮训练------------
整体测试集上的Loss: 0.6754962828145656
整体测试集上的Dice系数: 0.532502003370234
模型权重已保存到: ./pth/Unet_epoch_87.pth
2024-06-14 10:52:25

------------第 89 轮训练------------
整体测试集上的Loss: 0.6746875736043284
整体测试集上的Dice系数: 0.531879103947324
模型权重已保存到: ./pth/Unet_epoch_88.pth
2024-06-14 11:01:45

------------第 90 轮训练------------
整体测试集上的Loss: 0.6749768173945337
整体测试集上的Dice系数: 0.532307769155867
模型权重已保存到: ./pth/Unet_epoch_89.pth
2024-06-14 11:11:06

------------第 91 轮训练------------
整体测试集上的Loss: 0.6744390406982392
整体测试集上的Dice系数: 0.5317430189645085
模型权重已保存到: ./pth/Unet_epoch_90.pth
2024-06-14 11:20:26

------------第 92 轮训练------------
整体测试集上的Loss: 0.6747318051513249
整体测试集上的Dice系数: 0.5324827789348581
模型权重已保存到: ./pth/Unet_epoch_91.pth
2024-06-14 11:29:46

------------第 93 轮训练------------
整体测试集上的Loss: 0.6748313894691248
整体测试集上的Dice系数: 0.532204701499319
模型权重已保存到: ./pth/Unet_epoch_92.pth
2024-06-14 11:39:07

------------第 94 轮训练------------
整体测试集上的Loss: 0.6749053224778768
整体测试集上的Dice系数: 0.5326225758738545
模型权重已保存到: ./pth/Unet_epoch_93.pth
2024-06-14 11:48:27

------------第 95 轮训练------------
整体测试集上的Loss: 0.6753192332005181
整体测试集上的Dice系数: 0.5324621471802545
模型权重已保存到: ./pth/Unet_epoch_94.pth
2024-06-14 11:57:47

------------第 96 轮训练------------
整体测试集上的Loss: 0.6752630526887299
整体测试集上的Dice系数: 0.5324271761208602
模型权重已保存到: ./pth/Unet_epoch_95.pth
2024-06-14 12:07:07

------------第 97 轮训练------------
整体测试集上的Loss: 0.6749411528470639
整体测试集上的Dice系数: 0.5328107267675163
模型权重已保存到: ./pth/Unet_epoch_96.pth
2024-06-14 12:16:27

------------第 98 轮训练------------
整体测试集上的Loss: 0.6750278909393296
整体测试集上的Dice系数: 0.5323164165589823
模型权重已保存到: ./pth/Unet_epoch_97.pth
2024-06-14 12:25:47

------------第 99 轮训练------------
整体测试集上的Loss: 0.6746752653021657
整体测试集上的Dice系数: 0.532058521620858
模型权重已保存到: ./pth/Unet_epoch_98.pth
2024-06-14 12:35:08

------------第 100 轮训练------------
整体测试集上的Loss: 0.6747405017311213
整体测试集上的Dice系数: 0.5320750301700249
模型权重已保存到: ./pth/Unet_epoch_99.pth
2024-06-14 12:44:28

