train epoch : 1
train_loss: 0.23682636238136084
train_dice: 0.2623278304832691
train_iou: 0.20297296374184465
val_loss: 0.1431773706548372
val_dice: 0.29377347938371917
val_iou: 0.23433650447600948
2024-06-15 09:21:28

train epoch : 2
train_loss: 0.10757234808441528
train_dice: 0.33690815493102383
train_iou: 0.27530210247561404
val_loss: 0.07621244026576074
val_dice: 0.34217338240289663
val_iou: 0.28414963771375573
2024-06-15 09:29:47

train epoch : 3
train_loss: 0.06464823719390263
train_dice: 0.40619806072545855
train_iou: 0.3448783160448554
val_loss: 0.05672275938796906
val_dice: 0.3791590723264321
val_iou: 0.3212319787134944
2024-06-15 09:37:44

train epoch : 4
train_loss: 0.04304266038601696
train_dice: 0.449196550249464
train_iou: 0.3930932207188399
val_loss: 0.04443078812411321
val_dice: 0.4103709981249341
val_iou: 0.35678629678399637
2024-06-15 09:44:54

train epoch : 5
train_loss: 0.03072215418144387
train_dice: 0.47526134995096925
train_iou: 0.42523845153267936
val_loss: 0.04230177193661505
val_dice: 0.405365106271941
val_iou: 0.350345882732654
2024-06-15 09:52:06

train epoch : 6
train_loss: 0.02316984507570188
train_dice: 0.4943630714036834
train_iou: 0.450567918514688
val_loss: 0.038077081316055694
val_dice: 0.41410611407375153
val_iou: 0.357449073439502
2024-06-15 09:59:16

train epoch : 7
train_loss: 0.018301217181011898
train_dice: 0.5129019585227557
train_iou: 0.47387087678243733
val_loss: 0.030251374996234
val_dice: 0.428942523376389
val_iou: 0.3775241415275318
2024-06-15 10:06:29

train epoch : 8
train_loss: 0.015884726269551255
train_dice: 0.5162136701910772
train_iou: 0.4789822103816066
val_loss: 0.029816990468190148
val_dice: 0.4403207015379199
val_iou: 0.39021568284465036
2024-06-15 10:13:39

train epoch : 9
train_loss: 0.013098474272828259
train_dice: 0.5263229852532176
train_iou: 0.49268271664922103
val_loss: 0.025528241807181502
val_dice: 0.4485607787079358
val_iou: 0.4011467632106137
2024-06-15 10:20:47

train epoch : 10
train_loss: 0.010892544711593061
train_dice: 0.5342793207056483
train_iou: 0.5041035498083176
val_loss: 0.02762743200003811
val_dice: 0.4348080647177994
val_iou: 0.38644734634162514
2024-06-15 10:27:56

train epoch : 11
train_loss: 0.012829586379752102
train_dice: 0.5222739010213944
train_iou: 0.4887090047777615
val_loss: 0.027076711904463046
val_dice: 0.44657264716391054
val_iou: 0.39959514816766795
2024-06-15 10:35:06

train epoch : 12
train_loss: 0.008768359487257378
train_dice: 0.5415203103805752
train_iou: 0.5148015625599711
val_loss: 0.031828955386062056
val_dice: 0.44427770782946324
val_iou: 0.3980943939924164
2024-06-15 10:42:17

train epoch : 13
train_loss: 0.010165769493360592
train_dice: 0.5355646700798711
train_iou: 0.5061757359485298
val_loss: 0.025900541044319075
val_dice: 0.44117483645867633
val_iou: 0.3955588241497397
2024-06-15 10:49:26

train epoch : 14
train_loss: 0.008019941072722823
train_dice: 0.5438472257276987
train_iou: 0.5177638283635997
val_loss: 0.026415748722591125
val_dice: 0.45180936029646546
val_iou: 0.4046316090602979
2024-06-15 10:56:37

train epoch : 15
train_loss: 0.007357562586048763
train_dice: 0.5468039905777029
train_iou: 0.5223425047414859
val_loss: 0.02689924278415767
val_dice: 0.4480912862630675
val_iou: 0.4024330367148873
2024-06-15 11:03:46

train epoch : 16
train_loss: 0.008979777803138878
train_dice: 0.5371269420947994
train_iou: 0.50913895678725
val_loss: 0.0427271990185768
val_dice: 0.3942021120634234
val_iou: 0.3416112745275759
2024-06-15 11:11:06

train epoch : 17
train_loss: 0.008295759675382455
train_dice: 0.5417088793748973
train_iou: 0.5149437159730987
val_loss: 0.02705115298423913
val_dice: 0.4543825970613769
val_iou: 0.4096134241075449
2024-06-15 11:18:15

train epoch : 18
train_loss: 0.0068193915886937085
train_dice: 0.5474798649037509
train_iou: 0.5238199769494007
val_loss: 0.027661241735809108
val_dice: 0.4402288559786215
val_iou: 0.3940720250259857
2024-06-15 11:25:24

train epoch : 19
train_loss: 0.007738575776295811
train_dice: 0.5437089724712088
train_iou: 0.5179545873402202
val_loss: 0.02821267374811585
val_dice: 0.4426683779397257
val_iou: 0.39896356583601433
2024-06-15 11:32:33

train epoch : 20
train_loss: 0.006571311565698335
train_dice: 0.5500520993475457
train_iou: 0.5268340677588801
val_loss: 0.028738270111985837
val_dice: 0.44957004250407373
val_iou: 0.4053291404876402
2024-06-15 11:39:43

train epoch : 21
train_loss: 0.006181530722755973
train_dice: 0.5503504341485056
train_iou: 0.5280714818355619
val_loss: 0.029588667190674475
val_dice: 0.44786601092628375
val_iou: 0.40439467725096917
2024-06-15 11:46:51

train epoch : 22
train_loss: 0.009738166161354337
train_dice: 0.5375880876431414
train_iou: 0.5105011394284463
val_loss: 0.027423381160309762
val_dice: 0.44377395398059516
val_iou: 0.39908121816091696
2024-06-15 11:54:00

train epoch : 23
train_loss: 0.0062468386801283055
train_dice: 0.5511492325589196
train_iou: 0.5290442368598355
val_loss: 0.027368160331754588
val_dice: 0.4505564163543512
val_iou: 0.4065854100211124
2024-06-15 12:01:09

train epoch : 24
train_loss: 0.0058428351786899676
train_dice: 0.5526233479030309
train_iou: 0.5315264075132218
val_loss: 0.03035031172822175
val_dice: 0.43529122916278334
val_iou: 0.3912577884914995
2024-06-15 12:08:17

train epoch : 25
train_loss: 0.006940002038552134
train_dice: 0.5481200236793452
train_iou: 0.5244865782329876
val_loss: 0.03379856718452267
val_dice: 0.4338847951469373
val_iou: 0.3859235444557568
2024-06-15 12:15:26

train epoch : 26
train_loss: 0.007921635944025854
train_dice: 0.544717555478296
train_iou: 0.5193658543861797
val_loss: 0.026783106563596226
val_dice: 0.44201586347254324
val_iou: 0.39674329031533156
2024-06-15 12:22:34

train epoch : 27
train_loss: 0.005717695920081495
train_dice: 0.5530583250991474
train_iou: 0.5322619705556961
val_loss: 0.029060203224955738
val_dice: 0.4526376599179847
val_iou: 0.40990276497845746
2024-06-15 12:29:43

train epoch : 28
train_loss: 0.005413004339446294
train_dice: 0.554161737506256
train_iou: 0.5342424031192097
val_loss: 0.028785017074433338
val_dice: 0.45611667682473755
val_iou: 0.4129838334700587
2024-06-15 12:36:52

train epoch : 29
train_loss: 0.00529857854047012
train_dice: 0.5551906661896766
train_iou: 0.535458780730827
val_loss: 0.03040795228921942
val_dice: 0.4547196659354531
val_iou: 0.41121522011235356
2024-06-15 12:44:01

train epoch : 30
train_loss: 0.005297099605500976
train_dice: 0.5552078283124117
train_iou: 0.5357535510824127
val_loss: 0.036854385077957054
val_dice: 0.44530583512304084
val_iou: 0.40093080150153565
2024-06-15 12:51:10

train epoch : 31
train_loss: 0.008298155152051862
train_dice: 0.5442785474372385
train_iou: 0.5188689270674859
val_loss: 0.02742872126956933
val_dice: 0.4414960869340872
val_iou: 0.3959545412633036
2024-06-15 12:58:18

train epoch : 32
train_loss: 0.005675070875197315
train_dice: 0.5514250952501194
train_iou: 0.5306731812911913
val_loss: 0.030768106219479056
val_dice: 0.45213645391346774
val_iou: 0.40813300889389287
2024-06-15 13:05:27

train epoch : 33
train_loss: 0.005099737368115068
train_dice: 0.5553864500675667
train_iou: 0.536279307297729
val_loss: 0.03375145602967213
val_dice: 0.44193145193691763
val_iou: 0.39808094813916073
2024-06-15 13:12:36

train epoch : 34
train_loss: 0.0048996569069148085
train_dice: 0.557013621597566
train_iou: 0.5382629201274237
val_loss: 0.036075326296755215
val_dice: 0.45296630617801326
val_iou: 0.4082519229042952
2024-06-15 13:19:45

train epoch : 35
train_loss: 0.0048733497824763996
train_dice: 0.5565060404605935
train_iou: 0.5382357017350995
val_loss: 0.03304009339940445
val_dice: 0.4582635261764636
val_iou: 0.4153679539259447
2024-06-15 13:26:53

train epoch : 36
train_loss: 0.006820772620135333
train_dice: 0.5476282553690036
train_iou: 0.5247824729755386
val_loss: 0.02535304955557301
val_dice: 0.4320876340628887
val_iou: 0.38719737467983245
2024-06-15 13:34:02

train epoch : 37
train_loss: 0.005157237952289917
train_dice: 0.5550859736490853
train_iou: 0.5356900447585483
val_loss: 0.028944913247869408
val_dice: 0.45162564458097426
val_iou: 0.40939234360596355
2024-06-15 13:41:10

train epoch : 38
train_loss: 0.004637259961711827
train_dice: 0.5581427114134887
train_iou: 0.5403989068422783
val_loss: 0.029882605442390294
val_dice: 0.4507817946165344
val_iou: 0.40844992219413423
2024-06-15 13:48:20

train epoch : 39
train_loss: 0.004516641801127716
train_dice: 0.5587266070556037
train_iou: 0.5415322033125928
val_loss: 0.030104709359922398
val_dice: 0.45835520579284816
val_iou: 0.4164205610420084
2024-06-15 13:55:29

train epoch : 40
train_loss: 0.0047474662714963685
train_dice: 0.557658215166216
train_iou: 0.5398883950268382
val_loss: 0.031102114851243666
val_dice: 0.4500215934513479
val_iou: 0.40717530510939504
2024-06-15 14:02:38

train epoch : 41
train_loss: 0.005638954877275606
train_dice: 0.5530482796281846
train_iou: 0.5322289763264372
val_loss: 0.028582362319317947
val_dice: 0.4581130052232469
val_iou: 0.41642315492178883
2024-06-15 14:09:48

train epoch : 42
train_loss: 0.004479420127877947
train_dice: 0.557997985488683
train_iou: 0.5408003679451416
val_loss: 0.03229214321613213
val_dice: 0.4603576266529913
val_iou: 0.41840120111307016
2024-06-15 14:16:57

train epoch : 43
train_loss: 0.004264423288172913
train_dice: 0.5596081903355893
train_iou: 0.5429966075995947
val_loss: 0.033914933295501055
val_dice: 0.4539925331744004
val_iou: 0.41006031024687906
2024-06-15 14:24:10

train epoch : 44
train_loss: 0.004262375528804929
train_dice: 0.5602723316678518
train_iou: 0.5436626760454117
val_loss: 0.03377935277592039
val_dice: 0.4512366926896253
val_iou: 0.4078323129440981
2024-06-15 14:31:18

train epoch : 45
train_loss: 0.005099190117093376
train_dice: 0.5562936096952362
train_iou: 0.537554156500004
val_loss: 0.02989662440344916
val_dice: 0.4576718277364437
val_iou: 0.4160371052281817
2024-06-15 14:38:40

train epoch : 46
train_loss: 0.004243318472593571
train_dice: 0.5596543931777826
train_iou: 0.5432081833670411
val_loss: 0.04411735872355742
val_dice: 0.4270392541615625
val_iou: 0.3805813817455842
2024-06-15 14:46:24

train epoch : 47
train_loss: 0.00620947072315945
train_dice: 0.5513592102644025
train_iou: 0.5302033864675767
val_loss: 0.0333748024549877
val_dice: 0.45805390060366113
val_iou: 0.4134492414566327
2024-06-15 14:53:58

train epoch : 48
train_loss: 0.004063374754207149
train_dice: 0.5603138396203194
train_iou: 0.544244578933414
val_loss: 0.034767049066512706
val_dice: 0.4564693179456707
val_iou: 0.41340787883619873
2024-06-15 15:01:24

train epoch : 49
train_loss: 0.0038537717485842404
train_dice: 0.5614055805245101
train_iou: 0.5461347955961124
val_loss: 0.03487794811117702
val_dice: 0.45629019191374587
val_iou: 0.41380042492231467
2024-06-15 15:08:40

train epoch : 50
train_loss: 0.0038064977130356447
train_dice: 0.5621686016780343
train_iou: 0.547073901049914
val_loss: 0.034929200649358595
val_dice: 0.45895727345487103
val_iou: 0.41614744779048013
2024-06-15 15:16:00

train epoch : 51
train_loss: 0.0037917674612614576
train_dice: 0.5618641194879038
train_iou: 0.5468654315413446
val_loss: 0.03347150039503918
val_dice: 0.4605909015565198
val_iou: 0.41848064738097696
2024-06-15 15:23:18

train epoch : 52
train_loss: 0.005332734807403856
train_dice: 0.5555273845764871
train_iou: 0.5370464536747062
val_loss: 0.02814520730019894
val_dice: 0.44944112184837615
val_iou: 0.40449582422104646
2024-06-15 15:30:39

train epoch : 53
train_loss: 0.004304995017187147
train_dice: 0.5584774108142145
train_iou: 0.541777907885867
val_loss: 0.0330858996945032
val_dice: 0.45396055283181713
val_iou: 0.4120610928815096
2024-06-15 15:38:10

train epoch : 54
train_loss: 0.003569559737485149
train_dice: 0.5631098373040261
train_iou: 0.5486863196488961
val_loss: 0.033148409756784805
val_dice: 0.45129917077815196
val_iou: 0.4090402702354275
2024-06-15 15:45:59

train epoch : 55
train_loss: 0.0034429842573369404
train_dice: 0.5639241288464927
train_iou: 0.550053493077673
val_loss: 0.034036880675476416
val_dice: 0.45426689376175516
val_iou: 0.41213654533232924
2024-06-15 15:53:47

train epoch : 56
train_loss: 0.00344422205650877
train_dice: 0.5629395401445478
train_iou: 0.5492463519571056
val_loss: 0.03295663246450344
val_dice: 0.45899563401994503
val_iou: 0.41647789152149034
2024-06-15 16:02:16

train epoch : 57
train_loss: 0.0034717691961657585
train_dice: 0.5632062252024845
train_iou: 0.5493578472684995
val_loss: 0.03732907365595743
val_dice: 0.4538114299208914
val_iou: 0.41032588828951405
2024-06-15 16:10:35

train epoch : 58
train_loss: 0.0034072190297337154
train_dice: 0.5640228767399331
train_iou: 0.5503273013217971
val_loss: 0.03367471153911513
val_dice: 0.4499677684234113
val_iou: 0.4057592020075464
2024-06-15 16:18:56

train epoch : 59
train_loss: 0.003527797836822935
train_dice: 0.5635129186387088
train_iou: 0.5494411924540673
val_loss: 0.036295348193732334
val_dice: 0.4594186634058133
val_iou: 0.416745935571475
2024-06-15 16:27:08

train epoch : 60
train_loss: 0.003350499529261645
train_dice: 0.5638510262287115
train_iou: 0.5502266796544921
val_loss: 0.038237675982749846
val_dice: 0.4592308935908867
val_iou: 0.4163197926863344
2024-06-15 16:34:50

train epoch : 61
train_loss: 0.0032754488522925324
train_dice: 0.564857211644352
train_iou: 0.5517349265798738
val_loss: 0.036561293367078626
val_dice: 0.45697216380254496
val_iou: 0.41398713824681327
2024-06-15 16:41:58

train epoch : 62
train_loss: 0.005671672663516427
train_dice: 0.5532229512417941
train_iou: 0.5332686188773911
val_loss: 0.029613903676022638
val_dice: 0.45400258401015
val_iou: 0.4108935185366284
2024-06-15 16:49:08

train epoch : 63
train_loss: 0.003653821005096609
train_dice: 0.5628719420372685
train_iou: 0.5484582247182215
val_loss: 0.03419011285726508
val_dice: 0.45847907808742355
val_iou: 0.4160774027529572
2024-06-15 16:56:22

train epoch : 64
train_loss: 0.0030179578524962424
train_dice: 0.5649641090448252
train_iou: 0.5525752263948671
val_loss: 0.03644419769613943
val_dice: 0.4547425836671562
val_iou: 0.4121393846450088
2024-06-15 17:03:32

train epoch : 65
train_loss: 0.0028710825074606265
train_dice: 0.5658594760875374
train_iou: 0.5539788060819909
val_loss: 0.037973395925750504
val_dice: 0.4586788692597148
val_iou: 0.4161771019512065
2024-06-15 17:10:45

train epoch : 66
train_loss: 0.002826479913771106
train_dice: 0.5659320364431706
train_iou: 0.554286087292228
val_loss: 0.03792112836016698
val_dice: 0.4627396950916368
val_iou: 0.4202007596162433
2024-06-15 17:17:56

train epoch : 67
train_loss: 0.0028556810172615196
train_dice: 0.5659743387649546
train_iou: 0.5542512473264611
val_loss: 0.03734370747827868
val_dice: 0.45622689147688905
val_iou: 0.4132231773181381
2024-06-15 17:25:03

train epoch : 68
train_loss: 0.002869837350304793
train_dice: 0.5664398059868683
train_iou: 0.5546794914746587
val_loss: 0.03719389536763513
val_dice: 0.4564457261656905
val_iou: 0.41389707997453173
2024-06-15 17:32:15

train epoch : 69
train_loss: 0.002889750914143766
train_dice: 0.566057085478931
train_iou: 0.5541402503012749
val_loss: 0.03582030411251812
val_dice: 0.45706267704669273
val_iou: 0.41262661127494743
2024-06-15 17:39:23

train epoch : 70
train_loss: 0.0030290923174622056
train_dice: 0.564898217457328
train_iou: 0.5524919443842946
val_loss: 0.03789944770388137
val_dice: 0.4584175957490367
val_iou: 0.41543683249797975
2024-06-15 17:46:31

train epoch : 71
train_loss: 0.0027666570460511387
train_dice: 0.5665333393765832
train_iou: 0.5550977206682857
val_loss: 0.0395999528029313
val_dice: 0.46253473062676437
val_iou: 0.4194882216825321
2024-06-15 17:53:39

train epoch : 72
train_loss: 0.0026581755428229524
train_dice: 0.5672163727809465
train_iou: 0.5562646969155851
val_loss: 0.04207320885732729
val_dice: 0.45559039591735573
val_iou: 0.41186329521647447
2024-06-15 18:00:47

train epoch : 73
train_loss: 0.002619202900889525
train_dice: 0.5672664771136064
train_iou: 0.5564769031126288
val_loss: 0.039813430847773494
val_dice: 0.45696673290423895
val_iou: 0.41376484942394404
2024-06-15 18:07:55

train epoch : 74
train_loss: 0.002607499246428385
train_dice: 0.5676995547350233
train_iou: 0.5570189661294168
val_loss: 0.03997318283639183
val_dice: 0.4577650724083413
val_iou: 0.41525632671878804
2024-06-15 18:15:03

train epoch : 75
train_loss: 0.002717245216273244
train_dice: 0.5659947471043085
train_iou: 0.5546261367756894
val_loss: 0.03685693714188867
val_dice: 0.45410879302000134
val_iou: 0.40992793316206877
2024-06-15 18:22:32

train epoch : 76
train_loss: 0.002595261768860911
train_dice: 0.5670908657433111
train_iou: 0.5562963622064746
val_loss: 0.041906879616015705
val_dice: 0.4623330738205387
val_iou: 0.4193156917902584
2024-06-15 18:30:59

train epoch : 77
train_loss: 0.0024040319547321415
train_dice: 0.5679806025722359
train_iou: 0.5579265561123222
val_loss: 0.04302216921374699
val_dice: 0.46109494775989834
val_iou: 0.4182092387571323
2024-06-15 18:38:50

train epoch : 78
train_loss: 0.0023819707588636175
train_dice: 0.5686282396424313
train_iou: 0.5588494874469626
val_loss: 0.04103967160312626
val_dice: 0.4641008488928937
val_iou: 0.42111215993705
2024-06-15 18:46:12

train epoch : 79
train_loss: 0.0024556674128516443
train_dice: 0.5674996459570327
train_iou: 0.5571746367280781
val_loss: 0.04057255617799211
val_dice: 0.4611108195492808
val_iou: 0.41830548976681065
2024-06-15 18:53:34

train epoch : 80
train_loss: 0.0023626162553282803
train_dice: 0.5682148423322071
train_iou: 0.5583455681154137
val_loss: 0.03990688083265038
val_dice: 0.45851635898710513
val_iou: 0.4154329696356566
2024-06-15 19:00:56

train epoch : 81
train_loss: 0.0023307304946694357
train_dice: 0.5676647359488455
train_iou: 0.5579773525271234
val_loss: 0.043697341960300715
val_dice: 0.45553871795501827
val_iou: 0.4130139304913001
2024-06-15 19:08:18

train epoch : 82
train_loss: 0.0022107052359226654
train_dice: 0.5692401915573082
train_iou: 0.5599920890592106
val_loss: 0.03978871797394664
val_dice: 0.45839478341121304
val_iou: 0.41633727084560207
2024-06-15 19:15:40

train epoch : 83
train_loss: 0.0022050934205213534
train_dice: 0.569349910423941
train_iou: 0.5601673011700025
val_loss: 0.0450428343063561
val_dice: 0.4583218724547638
val_iou: 0.41579472235337434
2024-06-15 19:23:02

train epoch : 84
train_loss: 0.0021748957552337115
train_dice: 0.5696866791998499
train_iou: 0.5606606532070132
val_loss: 0.04402322744776923
val_dice: 0.45699802723271316
val_iou: 0.4149217945980906
2024-06-15 19:30:22

train epoch : 85
train_loss: 0.002141816187527054
train_dice: 0.5696701200486954
train_iou: 0.5607889809024269
val_loss: 0.04468180119122988
val_dice: 0.4571369656893824
val_iou: 0.41432811364493505
2024-06-15 19:37:39

train epoch : 86
train_loss: 0.0020869585311902956
train_dice: 0.5697967081076414
train_iou: 0.5611712012918258
val_loss: 0.044631501877444704
val_dice: 0.46083833929151297
val_iou: 0.41815540424966235
2024-06-15 19:44:57

train epoch : 87
train_loss: 0.003631373733975999
train_dice: 0.5612630314087566
train_iou: 0.547570101229666
val_loss: 0.04331236119112028
val_dice: 0.4501803858557298
val_iou: 0.4062180666547573
2024-06-15 19:52:15

train epoch : 88
train_loss: 0.0020970478693212997
train_dice: 0.5694290973232624
train_iou: 0.5604825089357214
val_loss: 0.04578372602847459
val_dice: 0.45473766328804954
val_iou: 0.41217632574618474
2024-06-15 19:59:43

train epoch : 89
train_loss: 0.001813366396952703
train_dice: 0.5711393660274595
train_iou: 0.5634827466435717
val_loss: 0.04938979780350979
val_dice: 0.45707767899148166
val_iou: 0.41489446562315735
2024-06-15 20:07:26

train epoch : 90
train_loss: 0.0017650746070329438
train_dice: 0.5708921100897125
train_iou: 0.5634373366617165
val_loss: 0.049203199262009924
val_dice: 0.45645537170372447
val_iou: 0.4145676617187505
2024-06-15 20:15:26

train epoch : 91
train_loss: 0.0017983679846642166
train_dice: 0.5709850024196166
train_iou: 0.5634701882790485
val_loss: 0.04790874957835982
val_dice: 0.456689767434965
val_iou: 0.4138491050273712
2024-06-15 20:23:31

train epoch : 92
train_loss: 0.0018702586398909166
train_dice: 0.5709484018803074
train_iou: 0.563157066271706
val_loss: 0.04656383999972705
val_dice: 0.45604629315226813
val_iou: 0.41391569620226415
2024-06-15 20:31:42

train epoch : 93
train_loss: 0.00186164519185993
train_dice: 0.5702915826499139
train_iou: 0.5623887703765796
val_loss: 0.04814926729695557
val_dice: 0.45698589699019737
val_iou: 0.41432758139408365
2024-06-15 20:39:00

train epoch : 94
train_loss: 0.0018153680354616177
train_dice: 0.5710090858218467
train_iou: 0.5633812061431827
val_loss: 0.049070949082050605
val_dice: 0.4572479444703239
val_iou: 0.4144767165951412
2024-06-15 20:46:08

train epoch : 95
train_loss: 0.0017803172434758107
train_dice: 0.5710717898812044
train_iou: 0.5636429502401387
val_loss: 0.05040565336319555
val_dice: 0.4590698015182374
val_iou: 0.41673568903577834
2024-06-15 20:53:15

train epoch : 96
train_loss: 0.001808230023119938
train_dice: 0.571268194083926
train_iou: 0.5637127659258316
val_loss: 0.04843678600145729
val_dice: 0.45980795610658065
val_iou: 0.417202052826594
2024-06-15 21:01:06

train epoch : 97
train_loss: 0.0018625937135872104
train_dice: 0.5709158111006615
train_iou: 0.563101705278238
val_loss: 0.04807899173805623
val_dice: 0.4560268970624525
val_iou: 0.4134633068912377
2024-06-15 21:09:35

train epoch : 98
train_loss: 0.0017333174741238845
train_dice: 0.5715006647015135
train_iou: 0.564313895178531
val_loss: 0.05025240702592291
val_dice: 0.458076418136313
val_iou: 0.4154861082461881
2024-06-15 21:16:43

train epoch : 99
train_loss: 0.0016935718899513598
train_dice: 0.5716473607592298
train_iou: 0.5645895041188539
val_loss: 0.05192283749014719
val_dice: 0.45717440223516137
val_iou: 0.4140838363726994
2024-06-15 21:23:54

train epoch : 100
train_loss: 0.0017080967134898354
train_dice: 0.5716166378792112
train_iou: 0.5645384156089579
val_loss: 0.0501127214828496
val_dice: 0.45475525470754624
val_iou: 0.41212986079424774
2024-06-15 21:31:04

